<?xml version="1.0" encoding="UTF-8"?>
<!-- Generated by org.testng.reporters.JUnitReportReporter -->
<testsuite skipped="0" hostname="DESKTOP-F023JSH" name="com.apttus.APITestCases.TC001_RegisterStation_WithoutKey" tests="1" failures="0" timestamp="2020-09-28T12:34:27 IST" time="12.263" errors="0">
  <testcase name="registerWithoutKey" time="12.263" classname="com.apttus.APITestCases.TC001_RegisterStation_WithoutKey"/>
</testsuite> <!-- com.apttus.APITestCases.TC001_RegisterStation_WithoutKey -->
